INFO [2021-09-08 14:44:35] $x
INFO [2021-09-08 14:44:35] list(snps1, snps9, snps12, snps13)
INFO [2021-09-08 14:44:35] 
INFO [2021-09-08 14:44:35] $category.names
INFO [2021-09-08 14:44:35] c("PC1", "PC9", "PC12", "PC13")
INFO [2021-09-08 14:44:35] 
INFO [2021-09-08 14:44:35] $filename
INFO [2021-09-08 14:44:35] [1] "myositis_figures/PCs_venn_diagram_SNPs.png"
INFO [2021-09-08 14:44:35] 
INFO [2021-09-08 14:44:35] $output
INFO [2021-09-08 14:44:35] [1] TRUE
INFO [2021-09-08 14:44:35] 
INFO [2021-09-08 14:44:35] $imagetype
INFO [2021-09-08 14:44:35] [1] "png"
INFO [2021-09-08 14:44:35] 
INFO [2021-09-08 14:44:35] $height
INFO [2021-09-08 14:44:35] [1] 480
INFO [2021-09-08 14:44:35] 
INFO [2021-09-08 14:44:35] $width
INFO [2021-09-08 14:44:35] [1] 480
INFO [2021-09-08 14:44:35] 
INFO [2021-09-08 14:44:35] $resolution
INFO [2021-09-08 14:44:35] [1] 300
INFO [2021-09-08 14:44:35] 
INFO [2021-09-08 14:44:35] $compression
INFO [2021-09-08 14:44:35] [1] "lzw"
INFO [2021-09-08 14:44:35] 
INFO [2021-09-08 14:44:35] $lwd
INFO [2021-09-08 14:44:35] [1] 2
INFO [2021-09-08 14:44:35] 
INFO [2021-09-08 14:44:35] $lty
INFO [2021-09-08 14:44:35] [1] "blank"
INFO [2021-09-08 14:44:35] 
INFO [2021-09-08 14:44:35] $fill
INFO [2021-09-08 14:44:35] myCol
INFO [2021-09-08 14:44:35] 
INFO [2021-09-08 14:44:35] $cex
INFO [2021-09-08 14:44:35] [1] 0.6
INFO [2021-09-08 14:44:35] 
INFO [2021-09-08 14:44:35] $fontface
INFO [2021-09-08 14:44:35] [1] "bold"
INFO [2021-09-08 14:44:35] 
INFO [2021-09-08 14:44:35] $fontfamily
INFO [2021-09-08 14:44:35] [1] "sans"
INFO [2021-09-08 14:44:35] 
INFO [2021-09-08 14:44:35] $cat.cex
INFO [2021-09-08 14:44:35] [1] 0.6
INFO [2021-09-08 14:44:35] 
INFO [2021-09-08 14:44:35] $cat.fontface
INFO [2021-09-08 14:44:35] [1] "bold"
INFO [2021-09-08 14:44:35] 
INFO [2021-09-08 14:44:35] $cat.default.pos
INFO [2021-09-08 14:44:35] [1] "outer"
INFO [2021-09-08 14:44:35] 
