INFO [2021-09-08 14:45:37] $x
INFO [2021-09-08 14:45:37] list(g1, g9, g12, g13)
INFO [2021-09-08 14:45:37] 
INFO [2021-09-08 14:45:37] $category.names
INFO [2021-09-08 14:45:37] c("PC1", "PC9", "PC12", "PC13")
INFO [2021-09-08 14:45:37] 
INFO [2021-09-08 14:45:37] $filename
INFO [2021-09-08 14:45:37] [1] "myositis_figures/PCs_venn_diagram_genes.png"
INFO [2021-09-08 14:45:37] 
INFO [2021-09-08 14:45:37] $output
INFO [2021-09-08 14:45:37] [1] TRUE
INFO [2021-09-08 14:45:37] 
INFO [2021-09-08 14:45:37] $imagetype
INFO [2021-09-08 14:45:37] [1] "png"
INFO [2021-09-08 14:45:37] 
INFO [2021-09-08 14:45:37] $height
INFO [2021-09-08 14:45:37] [1] 480
INFO [2021-09-08 14:45:37] 
INFO [2021-09-08 14:45:37] $width
INFO [2021-09-08 14:45:37] [1] 480
INFO [2021-09-08 14:45:37] 
INFO [2021-09-08 14:45:37] $resolution
INFO [2021-09-08 14:45:37] [1] 300
INFO [2021-09-08 14:45:37] 
INFO [2021-09-08 14:45:37] $compression
INFO [2021-09-08 14:45:37] [1] "lzw"
INFO [2021-09-08 14:45:37] 
INFO [2021-09-08 14:45:37] $lwd
INFO [2021-09-08 14:45:37] [1] 2
INFO [2021-09-08 14:45:37] 
INFO [2021-09-08 14:45:37] $lty
INFO [2021-09-08 14:45:37] [1] "blank"
INFO [2021-09-08 14:45:37] 
INFO [2021-09-08 14:45:37] $fill
INFO [2021-09-08 14:45:37] myCol
INFO [2021-09-08 14:45:37] 
INFO [2021-09-08 14:45:37] $cex
INFO [2021-09-08 14:45:37] [1] 0.6
INFO [2021-09-08 14:45:37] 
INFO [2021-09-08 14:45:37] $fontface
INFO [2021-09-08 14:45:37] [1] "bold"
INFO [2021-09-08 14:45:37] 
INFO [2021-09-08 14:45:37] $fontfamily
INFO [2021-09-08 14:45:37] [1] "sans"
INFO [2021-09-08 14:45:37] 
INFO [2021-09-08 14:45:37] $cat.cex
INFO [2021-09-08 14:45:37] [1] 0.6
INFO [2021-09-08 14:45:37] 
INFO [2021-09-08 14:45:37] $cat.fontface
INFO [2021-09-08 14:45:37] [1] "bold"
INFO [2021-09-08 14:45:37] 
INFO [2021-09-08 14:45:37] $cat.default.pos
INFO [2021-09-08 14:45:37] [1] "outer"
INFO [2021-09-08 14:45:37] 
